Analysis & Synthesis report for MIPS
Thu Nov 24 16:46:48 2016
Quartus Prime Version 16.0.0 Build 211 04/27/2016 SJ Lite Edition


---------------------
; Table of Contents ;
---------------------
  1. Legal Notice
  2. Analysis & Synthesis Summary
  3. Analysis & Synthesis Settings
  4. Parallel Compilation
  5. Analysis & Synthesis Source Files Read
  6. Analysis & Synthesis Resource Usage Summary
  7. Analysis & Synthesis Resource Utilization by Entity
  8. User-Specified and Inferred Latches
  9. Registers Removed During Synthesis
 10. General Register Statistics
 11. Multiplexer Restructuring Statistics (Restructuring Performed)
 12. Parameter Settings for User Entity Instance: flopr:pcreg
 13. Parameter Settings for User Entity Instance: mux2:pcmux
 14. Parameter Settings for User Entity Instance: mux2:pcbrmux
 15. Parameter Settings for User Entity Instance: mux2:wrmux
 16. Parameter Settings for User Entity Instance: mux2:resmux
 17. Parameter Settings for User Entity Instance: mux2:srcbmux
 18. Port Connectivity Checks: "alu:alu"
 19. Port Connectivity Checks: "mux2:pcmux"
 20. Port Connectivity Checks: "adder:pcaddl"
 21. Post-Synthesis Netlist Statistics for Top Partition
 22. Elapsed Time Per Partition
 23. Analysis & Synthesis Messages



----------------
; Legal Notice ;
----------------
Copyright (C) 1991-2016 Altera Corporation. All rights reserved.
Your use of Altera Corporation's design tools, logic functions 
and other software and tools, and its AMPP partner logic 
functions, and any output files from any of the foregoing 
(including device programming or simulation files), and any 
associated documentation or information are expressly subject 
to the terms and conditions of the Altera Program License 
Subscription Agreement, the Altera Quartus Prime License Agreement,
the Altera MegaCore Function License Agreement, or other 
applicable license agreement, including, without limitation, 
that your use is for the sole purpose of programming logic 
devices manufactured by Altera and sold by Altera or its 
authorized distributors.  Please refer to the applicable 
agreement for further details.



+-------------------------------------------------------------------------------+
; Analysis & Synthesis Summary                                                  ;
+---------------------------------+---------------------------------------------+
; Analysis & Synthesis Status     ; Successful - Thu Nov 24 16:46:48 2016       ;
; Quartus Prime Version           ; 16.0.0 Build 211 04/27/2016 SJ Lite Edition ;
; Revision Name                   ; MIPS                                        ;
; Top-level Entity Name           ; datapath                                    ;
; Family                          ; Cyclone V                                   ;
; Logic utilization (in ALMs)     ; N/A                                         ;
; Total registers                 ; 1054                                        ;
; Total pins                      ; 172                                         ;
; Total virtual pins              ; 0                                           ;
; Total block memory bits         ; 0                                           ;
; Total DSP Blocks                ; 0                                           ;
; Total HSSI RX PCSs              ; 0                                           ;
; Total HSSI PMA RX Deserializers ; 0                                           ;
; Total HSSI TX PCSs              ; 0                                           ;
; Total HSSI PMA TX Serializers   ; 0                                           ;
; Total PLLs                      ; 0                                           ;
; Total DLLs                      ; 0                                           ;
+---------------------------------+---------------------------------------------+


+---------------------------------------------------------------------------------------------------------------------------+
; Analysis & Synthesis Settings                                                                                             ;
+---------------------------------------------------------------------------------+--------------------+--------------------+
; Option                                                                          ; Setting            ; Default Value      ;
+---------------------------------------------------------------------------------+--------------------+--------------------+
; Device                                                                          ; 5CGXFC7C7F23C8     ;                    ;
; Top-level entity name                                                           ; datapath           ; MIPS               ;
; Family name                                                                     ; Cyclone V          ; Cyclone V          ;
; Use smart compilation                                                           ; Off                ; Off                ;
; Enable parallel Assembler and TimeQuest Timing Analyzer during compilation      ; On                 ; On                 ;
; Enable compact report table                                                     ; Off                ; Off                ;
; Restructure Multiplexers                                                        ; Auto               ; Auto               ;
; MLAB Add Timing Constraints For Mixed-Port Feed-Through Mode Setting Don't Care ; Off                ; Off                ;
; Create Debugging Nodes for IP Cores                                             ; Off                ; Off                ;
; Preserve fewer node names                                                       ; On                 ; On                 ;
; Disable OpenCore Plus hardware evaluation                                       ; Off                ; Off                ;
; Verilog Version                                                                 ; Verilog_2001       ; Verilog_2001       ;
; VHDL Version                                                                    ; VHDL_1993          ; VHDL_1993          ;
; State Machine Processing                                                        ; Auto               ; Auto               ;
; Safe State Machine                                                              ; Off                ; Off                ;
; Extract Verilog State Machines                                                  ; On                 ; On                 ;
; Extract VHDL State Machines                                                     ; On                 ; On                 ;
; Ignore Verilog initial constructs                                               ; Off                ; Off                ;
; Iteration limit for constant Verilog loops                                      ; 5000               ; 5000               ;
; Iteration limit for non-constant Verilog loops                                  ; 250                ; 250                ;
; Add Pass-Through Logic to Inferred RAMs                                         ; On                 ; On                 ;
; Infer RAMs from Raw Logic                                                       ; On                 ; On                 ;
; Parallel Synthesis                                                              ; On                 ; On                 ;
; DSP Block Balancing                                                             ; Auto               ; Auto               ;
; NOT Gate Push-Back                                                              ; On                 ; On                 ;
; Power-Up Don't Care                                                             ; On                 ; On                 ;
; Remove Redundant Logic Cells                                                    ; Off                ; Off                ;
; Remove Duplicate Registers                                                      ; On                 ; On                 ;
; Ignore CARRY Buffers                                                            ; Off                ; Off                ;
; Ignore CASCADE Buffers                                                          ; Off                ; Off                ;
; Ignore GLOBAL Buffers                                                           ; Off                ; Off                ;
; Ignore ROW GLOBAL Buffers                                                       ; Off                ; Off                ;
; Ignore LCELL Buffers                                                            ; Off                ; Off                ;
; Ignore SOFT Buffers                                                             ; On                 ; On                 ;
; Limit AHDL Integers to 32 Bits                                                  ; Off                ; Off                ;
; Optimization Technique                                                          ; Balanced           ; Balanced           ;
; Carry Chain Length                                                              ; 70                 ; 70                 ;
; Auto Carry Chains                                                               ; On                 ; On                 ;
; Auto Open-Drain Pins                                                            ; On                 ; On                 ;
; Perform WYSIWYG Primitive Resynthesis                                           ; Off                ; Off                ;
; Auto ROM Replacement                                                            ; On                 ; On                 ;
; Auto RAM Replacement                                                            ; On                 ; On                 ;
; Auto DSP Block Replacement                                                      ; On                 ; On                 ;
; Auto Shift Register Replacement                                                 ; Auto               ; Auto               ;
; Allow Shift Register Merging across Hierarchies                                 ; Auto               ; Auto               ;
; Auto Clock Enable Replacement                                                   ; On                 ; On                 ;
; Strict RAM Replacement                                                          ; Off                ; Off                ;
; Allow Synchronous Control Signals                                               ; On                 ; On                 ;
; Force Use of Synchronous Clear Signals                                          ; Off                ; Off                ;
; Auto Resource Sharing                                                           ; Off                ; Off                ;
; Allow Any RAM Size For Recognition                                              ; Off                ; Off                ;
; Allow Any ROM Size For Recognition                                              ; Off                ; Off                ;
; Allow Any Shift Register Size For Recognition                                   ; Off                ; Off                ;
; Use LogicLock Constraints during Resource Balancing                             ; On                 ; On                 ;
; Ignore translate_off and synthesis_off directives                               ; Off                ; Off                ;
; Timing-Driven Synthesis                                                         ; On                 ; On                 ;
; Report Parameter Settings                                                       ; On                 ; On                 ;
; Report Source Assignments                                                       ; On                 ; On                 ;
; Report Connectivity Checks                                                      ; On                 ; On                 ;
; Ignore Maximum Fan-Out Assignments                                              ; Off                ; Off                ;
; Synchronization Register Chain Length                                           ; 3                  ; 3                  ;
; PowerPlay Power Optimization During Synthesis                                   ; Normal compilation ; Normal compilation ;
; HDL message level                                                               ; Level2             ; Level2             ;
; Suppress Register Optimization Related Messages                                 ; Off                ; Off                ;
; Number of Removed Registers Reported in Synthesis Report                        ; 5000               ; 5000               ;
; Number of Swept Nodes Reported in Synthesis Report                              ; 5000               ; 5000               ;
; Number of Inverted Registers Reported in Synthesis Report                       ; 100                ; 100                ;
; Clock MUX Protection                                                            ; On                 ; On                 ;
; Auto Gated Clock Conversion                                                     ; Off                ; Off                ;
; Block Design Naming                                                             ; Auto               ; Auto               ;
; SDC constraint protection                                                       ; Off                ; Off                ;
; Synthesis Effort                                                                ; Auto               ; Auto               ;
; Shift Register Replacement - Allow Asynchronous Clear Signal                    ; On                 ; On                 ;
; Pre-Mapping Resynthesis Optimization                                            ; Off                ; Off                ;
; Analysis & Synthesis Message Level                                              ; Medium             ; Medium             ;
; Disable Register Merging Across Hierarchies                                     ; Auto               ; Auto               ;
; Resource Aware Inference For Block RAM                                          ; On                 ; On                 ;
; Synthesis Seed                                                                  ; 1                  ; 1                  ;
; Automatic Parallel Synthesis                                                    ; On                 ; On                 ;
; Partial Reconfiguration Bitstream ID                                            ; Off                ; Off                ;
+---------------------------------------------------------------------------------+--------------------+--------------------+


Parallel compilation was disabled, but you have multiple processors available. Enable parallel compilation to reduce compilation time.
+-------------------------------------+
; Parallel Compilation                ;
+----------------------------+--------+
; Processors                 ; Number ;
+----------------------------+--------+
; Number detected on machine ; 4      ;
; Maximum allowed            ; 1      ;
+----------------------------+--------+


+----------------------------------------------------------------------------------------------------------------------------+
; Analysis & Synthesis Source Files Read                                                                                     ;
+----------------------------------+-----------------+------------------------------+------------------------------+---------+
; File Name with User-Entered Path ; Used in Netlist ; File Type                    ; File Name with Absolute Path ; Library ;
+----------------------------------+-----------------+------------------------------+------------------------------+---------+
; mux2.sv                          ; yes             ; User SystemVerilog HDL File  ; /home/pedro/Mips/mux2.sv     ;         ;
; flopr.sv                         ; yes             ; User SystemVerilog HDL File  ; /home/pedro/Mips/flopr.sv    ;         ;
; signext.sv                       ; yes             ; User SystemVerilog HDL File  ; /home/pedro/Mips/signext.sv  ;         ;
; sl2.sv                           ; yes             ; User SystemVerilog HDL File  ; /home/pedro/Mips/sl2.sv      ;         ;
; adder.sv                         ; yes             ; User SystemVerilog HDL File  ; /home/pedro/Mips/adder.sv    ;         ;
; regfile.sv                       ; yes             ; User SystemVerilog HDL File  ; /home/pedro/Mips/regfile.sv  ;         ;
; alu.sv                           ; yes             ; User SystemVerilog HDL File  ; /home/pedro/Mips/alu.sv      ;         ;
; datapath.sv                      ; yes             ; User SystemVerilog HDL File  ; /home/pedro/Mips/datapath.sv ;         ;
+----------------------------------+-----------------+------------------------------+------------------------------+---------+


+---------------------------------------------------------+
; Analysis & Synthesis Resource Usage Summary             ;
+---------------------------------------------+-----------+
; Resource                                    ; Usage     ;
+---------------------------------------------+-----------+
; Estimate of Logic utilization (ALMs needed) ; 1175      ;
;                                             ;           ;
; Combinational ALUT usage for logic          ; 936       ;
;     -- 7 input functions                    ; 531       ;
;     -- 6 input functions                    ; 126       ;
;     -- 5 input functions                    ; 37        ;
;     -- 4 input functions                    ; 62        ;
;     -- <=3 input functions                  ; 180       ;
;                                             ;           ;
; Dedicated logic registers                   ; 1054      ;
;                                             ;           ;
; I/O pins                                    ; 172       ;
;                                             ;           ;
; Total DSP Blocks                            ; 0         ;
;                                             ;           ;
; Maximum fan-out node                        ; clk~input ;
; Maximum fan-out                             ; 1054      ;
; Total fan-out                               ; 9838      ;
; Average fan-out                             ; 4.22      ;
+---------------------------------------------+-----------+


+----------------------------------------------------------------------------------------------------------------------------------------------------------------------------+
; Analysis & Synthesis Resource Utilization by Entity                                                                                                                        ;
+----------------------------+-------------------+--------------+-------------------+------------+------+--------------+------------------------+-------------+--------------+
; Compilation Hierarchy Node ; LC Combinationals ; LC Registers ; Block Memory Bits ; DSP Blocks ; Pins ; Virtual Pins ; Full Hierarchy Name    ; Entity Name ; Library Name ;
+----------------------------+-------------------+--------------+-------------------+------------+------+--------------+------------------------+-------------+--------------+
; |datapath                  ; 936 (0)           ; 1054 (0)     ; 0                 ; 0          ; 172  ; 0            ; |datapath              ; datapath    ; work         ;
;    |adder:pcadd2|          ; 30 (30)           ; 0 (0)        ; 0                 ; 0          ; 0    ; 0            ; |datapath|adder:pcadd2 ; adder       ; work         ;
;    |adder:pcaddl|          ; 30 (30)           ; 0 (0)        ; 0                 ; 0          ; 0    ; 0            ; |datapath|adder:pcaddl ; adder       ; work         ;
;    |alu:alu|               ; 151 (151)         ; 0 (0)        ; 0                 ; 0          ; 0    ; 0            ; |datapath|alu:alu      ; alu         ; work         ;
;    |flopr:pcreg|           ; 0 (0)             ; 30 (30)      ; 0                 ; 0          ; 0    ; 0            ; |datapath|flopr:pcreg  ; flopr       ; work         ;
;    |mux2:pcmux|            ; 30 (30)           ; 0 (0)        ; 0                 ; 0          ; 0    ; 0            ; |datapath|mux2:pcmux   ; mux2        ; work         ;
;    |mux2:resmux|           ; 1 (1)             ; 0 (0)        ; 0                 ; 0          ; 0    ; 0            ; |datapath|mux2:resmux  ; mux2        ; work         ;
;    |mux2:srcbmux|          ; 32 (32)           ; 0 (0)        ; 0                 ; 0          ; 0    ; 0            ; |datapath|mux2:srcbmux ; mux2        ; work         ;
;    |mux2:wrmux|            ; 3 (3)             ; 0 (0)        ; 0                 ; 0          ; 0    ; 0            ; |datapath|mux2:wrmux   ; mux2        ; work         ;
;    |regfile:rf|            ; 659 (659)         ; 1024 (1024)  ; 0                 ; 0          ; 0    ; 0            ; |datapath|regfile:rf   ; regfile     ; work         ;
+----------------------------+-------------------+--------------+-------------------+------------+------+--------------+------------------------+-------------+--------------+
Note: For table entries with two numbers listed, the numbers in parentheses indicate the number of resources of the given type used by the specific entity alone. The numbers listed outside of parentheses indicate the total resources of the given type used by the specific entity and all of its sub-entities in the hierarchy.


+----------------------------------------------------------------------------------------------------+
; User-Specified and Inferred Latches                                                                ;
+-----------------------------------------------------+---------------------+------------------------+
; Latch Name                                          ; Latch Enable Signal ; Free of Timing Hazards ;
+-----------------------------------------------------+---------------------+------------------------+
; alu:alu|y[1]                                        ; alu:alu|WideNor0    ; yes                    ;
; alu:alu|y[0]                                        ; alu:alu|WideNor0    ; yes                    ;
; alu:alu|y[2]                                        ; alu:alu|WideNor0    ; yes                    ;
; alu:alu|y[3]                                        ; alu:alu|WideNor0    ; yes                    ;
; alu:alu|y[4]                                        ; alu:alu|WideNor0    ; yes                    ;
; alu:alu|y[5]                                        ; alu:alu|WideNor0    ; yes                    ;
; alu:alu|y[6]                                        ; alu:alu|WideNor0    ; yes                    ;
; alu:alu|y[7]                                        ; alu:alu|WideNor0    ; yes                    ;
; alu:alu|y[8]                                        ; alu:alu|WideNor0    ; yes                    ;
; alu:alu|y[9]                                        ; alu:alu|WideNor0    ; yes                    ;
; alu:alu|y[10]                                       ; alu:alu|WideNor0    ; yes                    ;
; alu:alu|y[11]                                       ; alu:alu|WideNor0    ; yes                    ;
; alu:alu|y[12]                                       ; alu:alu|WideNor0    ; yes                    ;
; alu:alu|y[13]                                       ; alu:alu|WideNor0    ; yes                    ;
; alu:alu|y[14]                                       ; alu:alu|WideNor0    ; yes                    ;
; alu:alu|y[15]                                       ; alu:alu|WideNor0    ; yes                    ;
; alu:alu|y[16]                                       ; alu:alu|WideNor0    ; yes                    ;
; alu:alu|y[17]                                       ; alu:alu|WideNor0    ; yes                    ;
; alu:alu|y[18]                                       ; alu:alu|WideNor0    ; yes                    ;
; alu:alu|y[19]                                       ; alu:alu|WideNor0    ; yes                    ;
; alu:alu|y[20]                                       ; alu:alu|WideNor0    ; yes                    ;
; alu:alu|y[21]                                       ; alu:alu|WideNor0    ; yes                    ;
; alu:alu|y[22]                                       ; alu:alu|WideNor0    ; yes                    ;
; alu:alu|y[23]                                       ; alu:alu|WideNor0    ; yes                    ;
; alu:alu|y[24]                                       ; alu:alu|WideNor0    ; yes                    ;
; alu:alu|y[25]                                       ; alu:alu|WideNor0    ; yes                    ;
; alu:alu|y[26]                                       ; alu:alu|WideNor0    ; yes                    ;
; alu:alu|y[27]                                       ; alu:alu|WideNor0    ; yes                    ;
; alu:alu|y[28]                                       ; alu:alu|WideNor0    ; yes                    ;
; alu:alu|y[29]                                       ; alu:alu|WideNor0    ; yes                    ;
; alu:alu|y[30]                                       ; alu:alu|WideNor0    ; yes                    ;
; alu:alu|y[31]                                       ; alu:alu|WideNor0    ; yes                    ;
; Number of user-specified and inferred latches = 32  ;                     ;                        ;
+-----------------------------------------------------+---------------------+------------------------+
Note: All latches listed above may not be present at the end of synthesis due to various synthesis optimizations.


+--------------------------------------------------------------------------------+
; Registers Removed During Synthesis                                             ;
+---------------------------------------+----------------------------------------+
; Register name                         ; Reason for Removal                     ;
+---------------------------------------+----------------------------------------+
; flopr:pcreg|q[1]                      ; Merged with flopr:pcreg|q[0]           ;
; flopr:pcreg|q[0]                      ; Stuck at GND due to stuck port data_in ;
; Total Number of Removed Registers = 2 ;                                        ;
+---------------------------------------+----------------------------------------+


+------------------------------------------------------+
; General Register Statistics                          ;
+----------------------------------------------+-------+
; Statistic                                    ; Value ;
+----------------------------------------------+-------+
; Total registers                              ; 1054  ;
; Number of registers using Synchronous Clear  ; 992   ;
; Number of registers using Synchronous Load   ; 26    ;
; Number of registers using Asynchronous Clear ; 30    ;
; Number of registers using Asynchronous Load  ; 0     ;
; Number of registers using Clock Enable       ; 1024  ;
; Number of registers using Preset             ; 0     ;
+----------------------------------------------+-------+


+--------------------------------------------------------------------------------------------------------------------------------------------+
; Multiplexer Restructuring Statistics (Restructuring Performed)                                                                             ;
+--------------------+-----------+---------------+----------------------+------------------------+------------+------------------------------+
; Multiplexer Inputs ; Bus Width ; Baseline Area ; Area if Restructured ; Saving if Restructured ; Registered ; Example Multiplexer Output   ;
+--------------------+-----------+---------------+----------------------+------------------------+------------+------------------------------+
; 3:1                ; 26 bits   ; 52 LEs        ; 52 LEs               ; 0 LEs                  ; Yes        ; |datapath|flopr:pcreg|q[3]   ;
; 7:1                ; 31 bits   ; 124 LEs       ; 124 LEs              ; 0 LEs                  ; No         ; |datapath|alu:alu|Selector15 ;
+--------------------+-----------+---------------+----------------------+------------------------+------------+------------------------------+


+----------------------------------------------------------+
; Parameter Settings for User Entity Instance: flopr:pcreg ;
+----------------+-------+---------------------------------+
; Parameter Name ; Value ; Type                            ;
+----------------+-------+---------------------------------+
; WIDTH          ; 32    ; Signed Integer                  ;
+----------------+-------+---------------------------------+
Note: In order to hide this table in the UI and the text report file, please set the "Show Parameter Settings in Synthesis Report" option in "Analysis and Synthesis Settings -> More Settings" to "Off".


+---------------------------------------------------------+
; Parameter Settings for User Entity Instance: mux2:pcmux ;
+----------------+-------+--------------------------------+
; Parameter Name ; Value ; Type                           ;
+----------------+-------+--------------------------------+
; WIDTH          ; 32    ; Signed Integer                 ;
+----------------+-------+--------------------------------+
Note: In order to hide this table in the UI and the text report file, please set the "Show Parameter Settings in Synthesis Report" option in "Analysis and Synthesis Settings -> More Settings" to "Off".


+-----------------------------------------------------------+
; Parameter Settings for User Entity Instance: mux2:pcbrmux ;
+----------------+-------+----------------------------------+
; Parameter Name ; Value ; Type                             ;
+----------------+-------+----------------------------------+
; WIDTH          ; 32    ; Signed Integer                   ;
+----------------+-------+----------------------------------+
Note: In order to hide this table in the UI and the text report file, please set the "Show Parameter Settings in Synthesis Report" option in "Analysis and Synthesis Settings -> More Settings" to "Off".


+---------------------------------------------------------+
; Parameter Settings for User Entity Instance: mux2:wrmux ;
+----------------+-------+--------------------------------+
; Parameter Name ; Value ; Type                           ;
+----------------+-------+--------------------------------+
; WIDTH          ; 5     ; Signed Integer                 ;
+----------------+-------+--------------------------------+
Note: In order to hide this table in the UI and the text report file, please set the "Show Parameter Settings in Synthesis Report" option in "Analysis and Synthesis Settings -> More Settings" to "Off".


+----------------------------------------------------------+
; Parameter Settings for User Entity Instance: mux2:resmux ;
+----------------+-------+---------------------------------+
; Parameter Name ; Value ; Type                            ;
+----------------+-------+---------------------------------+
; WIDTH          ; 32    ; Signed Integer                  ;
+----------------+-------+---------------------------------+
Note: In order to hide this table in the UI and the text report file, please set the "Show Parameter Settings in Synthesis Report" option in "Analysis and Synthesis Settings -> More Settings" to "Off".


+-----------------------------------------------------------+
; Parameter Settings for User Entity Instance: mux2:srcbmux ;
+----------------+-------+----------------------------------+
; Parameter Name ; Value ; Type                             ;
+----------------+-------+----------------------------------+
; WIDTH          ; 32    ; Signed Integer                   ;
+----------------+-------+----------------------------------+
Note: In order to hide this table in the UI and the text report file, please set the "Show Parameter Settings in Synthesis Report" option in "Analysis and Synthesis Settings -> More Settings" to "Off".


+----------------------------------------------------------------------------------------------------------------------------------------------------------------------------------------------------+
; Port Connectivity Checks: "alu:alu"                                                                                                                                                                ;
+------+--------+----------+-------------------------------------------------------------------------------------------------------------------------------------------------------------------------+
; Port ; Type   ; Severity ; Details                                                                                                                                                                 ;
+------+--------+----------+-------------------------------------------------------------------------------------------------------------------------------------------------------------------------+
; zero ; Output ; Warning  ; Output or bidir port (1 bits) is smaller than the port expression (32 bits) it drives.  The 31 most-significant bit(s) in the port expression will be connected to GND. ;
; y    ; Output ; Warning  ; Output or bidir port (32 bits) is wider than the port expression (1 bits) it drives; bit(s) "y[31..1]" have no fanouts                                                  ;
; y    ; Output ; Info     ; Connected to dangling logic. Logic that only feeds a dangling port will be removed.                                                                                     ;
+------+--------+----------+-------------------------------------------------------------------------------------------------------------------------------------------------------------------------+


+--------------------------------------------+
; Port Connectivity Checks: "mux2:pcmux"     ;
+----------+-------+----------+--------------+
; Port     ; Type  ; Severity ; Details      ;
+----------+-------+----------+--------------+
; d1[1..0] ; Input ; Info     ; Stuck at GND ;
+----------+-------+----------+--------------+


+--------------------------------------------+
; Port Connectivity Checks: "adder:pcaddl"   ;
+----------+-------+----------+--------------+
; Port     ; Type  ; Severity ; Details      ;
+----------+-------+----------+--------------+
; b[31..3] ; Input ; Info     ; Stuck at GND ;
; b[1..0]  ; Input ; Info     ; Stuck at GND ;
; b[2]     ; Input ; Info     ; Stuck at VCC ;
+----------+-------+----------+--------------+


+-----------------------------------------------------+
; Post-Synthesis Netlist Statistics for Top Partition ;
+-----------------------+-----------------------------+
; Type                  ; Count                       ;
+-----------------------+-----------------------------+
; arriav_ff             ; 1054                        ;
;     CLR               ; 4                           ;
;     CLR SLD           ; 26                          ;
;     ENA               ; 32                          ;
;     ENA SCLR          ; 992                         ;
; arriav_lcell_comb     ; 937                         ;
;     arith             ; 93                          ;
;         1 data inputs ; 31                          ;
;         2 data inputs ; 30                          ;
;         5 data inputs ; 32                          ;
;     extend            ; 531                         ;
;         7 data inputs ; 531                         ;
;     normal            ; 313                         ;
;         0 data inputs ; 1                           ;
;         2 data inputs ; 47                          ;
;         3 data inputs ; 72                          ;
;         4 data inputs ; 62                          ;
;         5 data inputs ; 5                           ;
;         6 data inputs ; 126                         ;
; boundary_port         ; 172                         ;
;                       ;                             ;
; Max LUT depth         ; 10.10                       ;
; Average LUT depth     ; 7.88                        ;
+-----------------------+-----------------------------+


+-------------------------------+
; Elapsed Time Per Partition    ;
+----------------+--------------+
; Partition Name ; Elapsed Time ;
+----------------+--------------+
; Top            ; 00:00:01     ;
+----------------+--------------+


+-------------------------------+
; Analysis & Synthesis Messages ;
+-------------------------------+
Info: *******************************************************************
Info: Running Quartus Prime Analysis & Synthesis
    Info: Version 16.0.0 Build 211 04/27/2016 SJ Lite Edition
    Info: Processing started: Thu Nov 24 16:46:31 2016
Info: Command: quartus_map --read_settings_files=on --write_settings_files=off MIPS -c MIPS
Warning (20028): Parallel compilation is not licensed and has been disabled
Info (12021): Found 1 design units, including 1 entities, in source file mux2.sv
    Info (12023): Found entity 1: mux2 File: /home/pedro/Mips/mux2.sv Line: 1
Info (12021): Found 1 design units, including 1 entities, in source file flopr.sv
    Info (12023): Found entity 1: flopr File: /home/pedro/Mips/flopr.sv Line: 1
Info (12021): Found 1 design units, including 1 entities, in source file signext.sv
    Info (12023): Found entity 1: signext File: /home/pedro/Mips/signext.sv Line: 1
Info (12021): Found 1 design units, including 1 entities, in source file sl2.sv
    Info (12023): Found entity 1: sl2 File: /home/pedro/Mips/sl2.sv Line: 1
Info (12021): Found 1 design units, including 1 entities, in source file adder.sv
    Info (12023): Found entity 1: adder File: /home/pedro/Mips/adder.sv Line: 1
Info (12021): Found 1 design units, including 1 entities, in source file regfile.sv
    Info (12023): Found entity 1: regfile File: /home/pedro/Mips/regfile.sv Line: 1
Info (12021): Found 1 design units, including 1 entities, in source file aludeco.sv
    Info (12023): Found entity 1: aludeco File: /home/pedro/Mips/aludeco.sv Line: 1
Info (12021): Found 1 design units, including 1 entities, in source file maindec.sv
    Info (12023): Found entity 1: maindec File: /home/pedro/Mips/maindec.sv Line: 1
Info (12021): Found 1 design units, including 1 entities, in source file controller.sv
    Info (12023): Found entity 1: controller File: /home/pedro/Mips/controller.sv Line: 1
Info (12021): Found 1 design units, including 1 entities, in source file alu.sv
    Info (12023): Found entity 1: alu File: /home/pedro/Mips/alu.sv Line: 1
Info (12021): Found 1 design units, including 1 entities, in source file datapath.sv
    Info (12023): Found entity 1: datapath File: /home/pedro/Mips/datapath.sv Line: 1
Info (12127): Elaborating entity "datapath" for the top level hierarchy
Info (12128): Elaborating entity "flopr" for hierarchy "flopr:pcreg" File: /home/pedro/Mips/datapath.sv Line: 18
Info (12128): Elaborating entity "adder" for hierarchy "adder:pcaddl" File: /home/pedro/Mips/datapath.sv Line: 19
Info (12128): Elaborating entity "sl2" for hierarchy "sl2:immsh" File: /home/pedro/Mips/datapath.sv Line: 20
Info (12128): Elaborating entity "mux2" for hierarchy "mux2:pcmux" File: /home/pedro/Mips/datapath.sv Line: 22
Info (12128): Elaborating entity "regfile" for hierarchy "regfile:rf" File: /home/pedro/Mips/datapath.sv Line: 26
Info (12128): Elaborating entity "mux2" for hierarchy "mux2:wrmux" File: /home/pedro/Mips/datapath.sv Line: 27
Info (12128): Elaborating entity "signext" for hierarchy "signext:se" File: /home/pedro/Mips/datapath.sv Line: 29
Info (12128): Elaborating entity "alu" for hierarchy "alu:alu" File: /home/pedro/Mips/datapath.sv Line: 32
Warning (10230): Verilog HDL assignment warning at alu.sv(7): truncated value with size 32 to match size of target (1) File: /home/pedro/Mips/alu.sv Line: 7
Warning (10270): Verilog HDL Case Statement warning at alu.sv(11): incomplete case statement has no default case item File: /home/pedro/Mips/alu.sv Line: 11
Info (10041): Inferred latch for "y[0]" at alu.sv(11) File: /home/pedro/Mips/alu.sv Line: 11
Info (10041): Inferred latch for "y[1]" at alu.sv(11) File: /home/pedro/Mips/alu.sv Line: 11
Info (10041): Inferred latch for "y[2]" at alu.sv(11) File: /home/pedro/Mips/alu.sv Line: 11
Info (10041): Inferred latch for "y[3]" at alu.sv(11) File: /home/pedro/Mips/alu.sv Line: 11
Info (10041): Inferred latch for "y[4]" at alu.sv(11) File: /home/pedro/Mips/alu.sv Line: 11
Info (10041): Inferred latch for "y[5]" at alu.sv(11) File: /home/pedro/Mips/alu.sv Line: 11
Info (10041): Inferred latch for "y[6]" at alu.sv(11) File: /home/pedro/Mips/alu.sv Line: 11
Info (10041): Inferred latch for "y[7]" at alu.sv(11) File: /home/pedro/Mips/alu.sv Line: 11
Info (10041): Inferred latch for "y[8]" at alu.sv(11) File: /home/pedro/Mips/alu.sv Line: 11
Info (10041): Inferred latch for "y[9]" at alu.sv(11) File: /home/pedro/Mips/alu.sv Line: 11
Info (10041): Inferred latch for "y[10]" at alu.sv(11) File: /home/pedro/Mips/alu.sv Line: 11
Info (10041): Inferred latch for "y[11]" at alu.sv(11) File: /home/pedro/Mips/alu.sv Line: 11
Info (10041): Inferred latch for "y[12]" at alu.sv(11) File: /home/pedro/Mips/alu.sv Line: 11
Info (10041): Inferred latch for "y[13]" at alu.sv(11) File: /home/pedro/Mips/alu.sv Line: 11
Info (10041): Inferred latch for "y[14]" at alu.sv(11) File: /home/pedro/Mips/alu.sv Line: 11
Info (10041): Inferred latch for "y[15]" at alu.sv(11) File: /home/pedro/Mips/alu.sv Line: 11
Info (10041): Inferred latch for "y[16]" at alu.sv(11) File: /home/pedro/Mips/alu.sv Line: 11
Info (10041): Inferred latch for "y[17]" at alu.sv(11) File: /home/pedro/Mips/alu.sv Line: 11
Info (10041): Inferred latch for "y[18]" at alu.sv(11) File: /home/pedro/Mips/alu.sv Line: 11
Info (10041): Inferred latch for "y[19]" at alu.sv(11) File: /home/pedro/Mips/alu.sv Line: 11
Info (10041): Inferred latch for "y[20]" at alu.sv(11) File: /home/pedro/Mips/alu.sv Line: 11
Info (10041): Inferred latch for "y[21]" at alu.sv(11) File: /home/pedro/Mips/alu.sv Line: 11
Info (10041): Inferred latch for "y[22]" at alu.sv(11) File: /home/pedro/Mips/alu.sv Line: 11
Info (10041): Inferred latch for "y[23]" at alu.sv(11) File: /home/pedro/Mips/alu.sv Line: 11
Info (10041): Inferred latch for "y[24]" at alu.sv(11) File: /home/pedro/Mips/alu.sv Line: 11
Info (10041): Inferred latch for "y[25]" at alu.sv(11) File: /home/pedro/Mips/alu.sv Line: 11
Info (10041): Inferred latch for "y[26]" at alu.sv(11) File: /home/pedro/Mips/alu.sv Line: 11
Info (10041): Inferred latch for "y[27]" at alu.sv(11) File: /home/pedro/Mips/alu.sv Line: 11
Info (10041): Inferred latch for "y[28]" at alu.sv(11) File: /home/pedro/Mips/alu.sv Line: 11
Info (10041): Inferred latch for "y[29]" at alu.sv(11) File: /home/pedro/Mips/alu.sv Line: 11
Info (10041): Inferred latch for "y[30]" at alu.sv(11) File: /home/pedro/Mips/alu.sv Line: 11
Info (10041): Inferred latch for "y[31]" at alu.sv(11) File: /home/pedro/Mips/alu.sv Line: 11
Warning (12011): Net is missing source, defaulting to GND
    Warning (12110): Net "aluout[31]" is missing source, defaulting to GND File: /home/pedro/Mips/datapath.sv Line: 9
    Warning (12110): Net "aluout[30]" is missing source, defaulting to GND File: /home/pedro/Mips/datapath.sv Line: 9
    Warning (12110): Net "aluout[29]" is missing source, defaulting to GND File: /home/pedro/Mips/datapath.sv Line: 9
    Warning (12110): Net "aluout[28]" is missing source, defaulting to GND File: /home/pedro/Mips/datapath.sv Line: 9
    Warning (12110): Net "aluout[27]" is missing source, defaulting to GND File: /home/pedro/Mips/datapath.sv Line: 9
    Warning (12110): Net "aluout[26]" is missing source, defaulting to GND File: /home/pedro/Mips/datapath.sv Line: 9
    Warning (12110): Net "aluout[25]" is missing source, defaulting to GND File: /home/pedro/Mips/datapath.sv Line: 9
    Warning (12110): Net "aluout[24]" is missing source, defaulting to GND File: /home/pedro/Mips/datapath.sv Line: 9
    Warning (12110): Net "aluout[23]" is missing source, defaulting to GND File: /home/pedro/Mips/datapath.sv Line: 9
    Warning (12110): Net "aluout[22]" is missing source, defaulting to GND File: /home/pedro/Mips/datapath.sv Line: 9
    Warning (12110): Net "aluout[21]" is missing source, defaulting to GND File: /home/pedro/Mips/datapath.sv Line: 9
    Warning (12110): Net "aluout[20]" is missing source, defaulting to GND File: /home/pedro/Mips/datapath.sv Line: 9
    Warning (12110): Net "aluout[19]" is missing source, defaulting to GND File: /home/pedro/Mips/datapath.sv Line: 9
    Warning (12110): Net "aluout[18]" is missing source, defaulting to GND File: /home/pedro/Mips/datapath.sv Line: 9
    Warning (12110): Net "aluout[17]" is missing source, defaulting to GND File: /home/pedro/Mips/datapath.sv Line: 9
    Warning (12110): Net "aluout[16]" is missing source, defaulting to GND File: /home/pedro/Mips/datapath.sv Line: 9
    Warning (12110): Net "aluout[15]" is missing source, defaulting to GND File: /home/pedro/Mips/datapath.sv Line: 9
    Warning (12110): Net "aluout[14]" is missing source, defaulting to GND File: /home/pedro/Mips/datapath.sv Line: 9
    Warning (12110): Net "aluout[13]" is missing source, defaulting to GND File: /home/pedro/Mips/datapath.sv Line: 9
    Warning (12110): Net "aluout[12]" is missing source, defaulting to GND File: /home/pedro/Mips/datapath.sv Line: 9
    Warning (12110): Net "aluout[11]" is missing source, defaulting to GND File: /home/pedro/Mips/datapath.sv Line: 9
    Warning (12110): Net "aluout[10]" is missing source, defaulting to GND File: /home/pedro/Mips/datapath.sv Line: 9
    Warning (12110): Net "aluout[9]" is missing source, defaulting to GND File: /home/pedro/Mips/datapath.sv Line: 9
    Warning (12110): Net "aluout[8]" is missing source, defaulting to GND File: /home/pedro/Mips/datapath.sv Line: 9
    Warning (12110): Net "aluout[7]" is missing source, defaulting to GND File: /home/pedro/Mips/datapath.sv Line: 9
    Warning (12110): Net "aluout[6]" is missing source, defaulting to GND File: /home/pedro/Mips/datapath.sv Line: 9
    Warning (12110): Net "aluout[5]" is missing source, defaulting to GND File: /home/pedro/Mips/datapath.sv Line: 9
    Warning (12110): Net "aluout[4]" is missing source, defaulting to GND File: /home/pedro/Mips/datapath.sv Line: 9
    Warning (12110): Net "aluout[3]" is missing source, defaulting to GND File: /home/pedro/Mips/datapath.sv Line: 9
    Warning (12110): Net "aluout[2]" is missing source, defaulting to GND File: /home/pedro/Mips/datapath.sv Line: 9
    Warning (12110): Net "aluout[1]" is missing source, defaulting to GND File: /home/pedro/Mips/datapath.sv Line: 9
Warning (12011): Net is missing source, defaulting to GND
    Warning (12110): Net "aluout[31]" is missing source, defaulting to GND File: /home/pedro/Mips/datapath.sv Line: 9
    Warning (12110): Net "aluout[30]" is missing source, defaulting to GND File: /home/pedro/Mips/datapath.sv Line: 9
    Warning (12110): Net "aluout[29]" is missing source, defaulting to GND File: /home/pedro/Mips/datapath.sv Line: 9
    Warning (12110): Net "aluout[28]" is missing source, defaulting to GND File: /home/pedro/Mips/datapath.sv Line: 9
    Warning (12110): Net "aluout[27]" is missing source, defaulting to GND File: /home/pedro/Mips/datapath.sv Line: 9
    Warning (12110): Net "aluout[26]" is missing source, defaulting to GND File: /home/pedro/Mips/datapath.sv Line: 9
    Warning (12110): Net "aluout[25]" is missing source, defaulting to GND File: /home/pedro/Mips/datapath.sv Line: 9
    Warning (12110): Net "aluout[24]" is missing source, defaulting to GND File: /home/pedro/Mips/datapath.sv Line: 9
    Warning (12110): Net "aluout[23]" is missing source, defaulting to GND File: /home/pedro/Mips/datapath.sv Line: 9
    Warning (12110): Net "aluout[22]" is missing source, defaulting to GND File: /home/pedro/Mips/datapath.sv Line: 9
    Warning (12110): Net "aluout[21]" is missing source, defaulting to GND File: /home/pedro/Mips/datapath.sv Line: 9
    Warning (12110): Net "aluout[20]" is missing source, defaulting to GND File: /home/pedro/Mips/datapath.sv Line: 9
    Warning (12110): Net "aluout[19]" is missing source, defaulting to GND File: /home/pedro/Mips/datapath.sv Line: 9
    Warning (12110): Net "aluout[18]" is missing source, defaulting to GND File: /home/pedro/Mips/datapath.sv Line: 9
    Warning (12110): Net "aluout[17]" is missing source, defaulting to GND File: /home/pedro/Mips/datapath.sv Line: 9
    Warning (12110): Net "aluout[16]" is missing source, defaulting to GND File: /home/pedro/Mips/datapath.sv Line: 9
    Warning (12110): Net "aluout[15]" is missing source, defaulting to GND File: /home/pedro/Mips/datapath.sv Line: 9
    Warning (12110): Net "aluout[14]" is missing source, defaulting to GND File: /home/pedro/Mips/datapath.sv Line: 9
    Warning (12110): Net "aluout[13]" is missing source, defaulting to GND File: /home/pedro/Mips/datapath.sv Line: 9
    Warning (12110): Net "aluout[12]" is missing source, defaulting to GND File: /home/pedro/Mips/datapath.sv Line: 9
    Warning (12110): Net "aluout[11]" is missing source, defaulting to GND File: /home/pedro/Mips/datapath.sv Line: 9
    Warning (12110): Net "aluout[10]" is missing source, defaulting to GND File: /home/pedro/Mips/datapath.sv Line: 9
    Warning (12110): Net "aluout[9]" is missing source, defaulting to GND File: /home/pedro/Mips/datapath.sv Line: 9
    Warning (12110): Net "aluout[8]" is missing source, defaulting to GND File: /home/pedro/Mips/datapath.sv Line: 9
    Warning (12110): Net "aluout[7]" is missing source, defaulting to GND File: /home/pedro/Mips/datapath.sv Line: 9
    Warning (12110): Net "aluout[6]" is missing source, defaulting to GND File: /home/pedro/Mips/datapath.sv Line: 9
    Warning (12110): Net "aluout[5]" is missing source, defaulting to GND File: /home/pedro/Mips/datapath.sv Line: 9
    Warning (12110): Net "aluout[4]" is missing source, defaulting to GND File: /home/pedro/Mips/datapath.sv Line: 9
    Warning (12110): Net "aluout[3]" is missing source, defaulting to GND File: /home/pedro/Mips/datapath.sv Line: 9
    Warning (12110): Net "aluout[2]" is missing source, defaulting to GND File: /home/pedro/Mips/datapath.sv Line: 9
    Warning (12110): Net "aluout[1]" is missing source, defaulting to GND File: /home/pedro/Mips/datapath.sv Line: 9
Warning (12011): Net is missing source, defaulting to GND
    Warning (12110): Net "aluout[31]" is missing source, defaulting to GND File: /home/pedro/Mips/datapath.sv Line: 9
    Warning (12110): Net "aluout[30]" is missing source, defaulting to GND File: /home/pedro/Mips/datapath.sv Line: 9
    Warning (12110): Net "aluout[29]" is missing source, defaulting to GND File: /home/pedro/Mips/datapath.sv Line: 9
    Warning (12110): Net "aluout[28]" is missing source, defaulting to GND File: /home/pedro/Mips/datapath.sv Line: 9
    Warning (12110): Net "aluout[27]" is missing source, defaulting to GND File: /home/pedro/Mips/datapath.sv Line: 9
    Warning (12110): Net "aluout[26]" is missing source, defaulting to GND File: /home/pedro/Mips/datapath.sv Line: 9
    Warning (12110): Net "aluout[25]" is missing source, defaulting to GND File: /home/pedro/Mips/datapath.sv Line: 9
    Warning (12110): Net "aluout[24]" is missing source, defaulting to GND File: /home/pedro/Mips/datapath.sv Line: 9
    Warning (12110): Net "aluout[23]" is missing source, defaulting to GND File: /home/pedro/Mips/datapath.sv Line: 9
    Warning (12110): Net "aluout[22]" is missing source, defaulting to GND File: /home/pedro/Mips/datapath.sv Line: 9
    Warning (12110): Net "aluout[21]" is missing source, defaulting to GND File: /home/pedro/Mips/datapath.sv Line: 9
    Warning (12110): Net "aluout[20]" is missing source, defaulting to GND File: /home/pedro/Mips/datapath.sv Line: 9
    Warning (12110): Net "aluout[19]" is missing source, defaulting to GND File: /home/pedro/Mips/datapath.sv Line: 9
    Warning (12110): Net "aluout[18]" is missing source, defaulting to GND File: /home/pedro/Mips/datapath.sv Line: 9
    Warning (12110): Net "aluout[17]" is missing source, defaulting to GND File: /home/pedro/Mips/datapath.sv Line: 9
    Warning (12110): Net "aluout[16]" is missing source, defaulting to GND File: /home/pedro/Mips/datapath.sv Line: 9
    Warning (12110): Net "aluout[15]" is missing source, defaulting to GND File: /home/pedro/Mips/datapath.sv Line: 9
    Warning (12110): Net "aluout[14]" is missing source, defaulting to GND File: /home/pedro/Mips/datapath.sv Line: 9
    Warning (12110): Net "aluout[13]" is missing source, defaulting to GND File: /home/pedro/Mips/datapath.sv Line: 9
    Warning (12110): Net "aluout[12]" is missing source, defaulting to GND File: /home/pedro/Mips/datapath.sv Line: 9
    Warning (12110): Net "aluout[11]" is missing source, defaulting to GND File: /home/pedro/Mips/datapath.sv Line: 9
    Warning (12110): Net "aluout[10]" is missing source, defaulting to GND File: /home/pedro/Mips/datapath.sv Line: 9
    Warning (12110): Net "aluout[9]" is missing source, defaulting to GND File: /home/pedro/Mips/datapath.sv Line: 9
    Warning (12110): Net "aluout[8]" is missing source, defaulting to GND File: /home/pedro/Mips/datapath.sv Line: 9
    Warning (12110): Net "aluout[7]" is missing source, defaulting to GND File: /home/pedro/Mips/datapath.sv Line: 9
    Warning (12110): Net "aluout[6]" is missing source, defaulting to GND File: /home/pedro/Mips/datapath.sv Line: 9
    Warning (12110): Net "aluout[5]" is missing source, defaulting to GND File: /home/pedro/Mips/datapath.sv Line: 9
    Warning (12110): Net "aluout[4]" is missing source, defaulting to GND File: /home/pedro/Mips/datapath.sv Line: 9
    Warning (12110): Net "aluout[3]" is missing source, defaulting to GND File: /home/pedro/Mips/datapath.sv Line: 9
    Warning (12110): Net "aluout[2]" is missing source, defaulting to GND File: /home/pedro/Mips/datapath.sv Line: 9
    Warning (12110): Net "aluout[1]" is missing source, defaulting to GND File: /home/pedro/Mips/datapath.sv Line: 9
Warning (12011): Net is missing source, defaulting to GND
    Warning (12110): Net "aluout[31]" is missing source, defaulting to GND File: /home/pedro/Mips/datapath.sv Line: 9
    Warning (12110): Net "aluout[30]" is missing source, defaulting to GND File: /home/pedro/Mips/datapath.sv Line: 9
    Warning (12110): Net "aluout[29]" is missing source, defaulting to GND File: /home/pedro/Mips/datapath.sv Line: 9
    Warning (12110): Net "aluout[28]" is missing source, defaulting to GND File: /home/pedro/Mips/datapath.sv Line: 9
    Warning (12110): Net "aluout[27]" is missing source, defaulting to GND File: /home/pedro/Mips/datapath.sv Line: 9
    Warning (12110): Net "aluout[26]" is missing source, defaulting to GND File: /home/pedro/Mips/datapath.sv Line: 9
    Warning (12110): Net "aluout[25]" is missing source, defaulting to GND File: /home/pedro/Mips/datapath.sv Line: 9
    Warning (12110): Net "aluout[24]" is missing source, defaulting to GND File: /home/pedro/Mips/datapath.sv Line: 9
    Warning (12110): Net "aluout[23]" is missing source, defaulting to GND File: /home/pedro/Mips/datapath.sv Line: 9
    Warning (12110): Net "aluout[22]" is missing source, defaulting to GND File: /home/pedro/Mips/datapath.sv Line: 9
    Warning (12110): Net "aluout[21]" is missing source, defaulting to GND File: /home/pedro/Mips/datapath.sv Line: 9
    Warning (12110): Net "aluout[20]" is missing source, defaulting to GND File: /home/pedro/Mips/datapath.sv Line: 9
    Warning (12110): Net "aluout[19]" is missing source, defaulting to GND File: /home/pedro/Mips/datapath.sv Line: 9
    Warning (12110): Net "aluout[18]" is missing source, defaulting to GND File: /home/pedro/Mips/datapath.sv Line: 9
    Warning (12110): Net "aluout[17]" is missing source, defaulting to GND File: /home/pedro/Mips/datapath.sv Line: 9
    Warning (12110): Net "aluout[16]" is missing source, defaulting to GND File: /home/pedro/Mips/datapath.sv Line: 9
    Warning (12110): Net "aluout[15]" is missing source, defaulting to GND File: /home/pedro/Mips/datapath.sv Line: 9
    Warning (12110): Net "aluout[14]" is missing source, defaulting to GND File: /home/pedro/Mips/datapath.sv Line: 9
    Warning (12110): Net "aluout[13]" is missing source, defaulting to GND File: /home/pedro/Mips/datapath.sv Line: 9
    Warning (12110): Net "aluout[12]" is missing source, defaulting to GND File: /home/pedro/Mips/datapath.sv Line: 9
    Warning (12110): Net "aluout[11]" is missing source, defaulting to GND File: /home/pedro/Mips/datapath.sv Line: 9
    Warning (12110): Net "aluout[10]" is missing source, defaulting to GND File: /home/pedro/Mips/datapath.sv Line: 9
    Warning (12110): Net "aluout[9]" is missing source, defaulting to GND File: /home/pedro/Mips/datapath.sv Line: 9
    Warning (12110): Net "aluout[8]" is missing source, defaulting to GND File: /home/pedro/Mips/datapath.sv Line: 9
    Warning (12110): Net "aluout[7]" is missing source, defaulting to GND File: /home/pedro/Mips/datapath.sv Line: 9
    Warning (12110): Net "aluout[6]" is missing source, defaulting to GND File: /home/pedro/Mips/datapath.sv Line: 9
    Warning (12110): Net "aluout[5]" is missing source, defaulting to GND File: /home/pedro/Mips/datapath.sv Line: 9
    Warning (12110): Net "aluout[4]" is missing source, defaulting to GND File: /home/pedro/Mips/datapath.sv Line: 9
    Warning (12110): Net "aluout[3]" is missing source, defaulting to GND File: /home/pedro/Mips/datapath.sv Line: 9
    Warning (12110): Net "aluout[2]" is missing source, defaulting to GND File: /home/pedro/Mips/datapath.sv Line: 9
    Warning (12110): Net "aluout[1]" is missing source, defaulting to GND File: /home/pedro/Mips/datapath.sv Line: 9
Warning (12011): Net is missing source, defaulting to GND
    Warning (12110): Net "aluout[31]" is missing source, defaulting to GND File: /home/pedro/Mips/datapath.sv Line: 9
    Warning (12110): Net "aluout[30]" is missing source, defaulting to GND File: /home/pedro/Mips/datapath.sv Line: 9
    Warning (12110): Net "aluout[29]" is missing source, defaulting to GND File: /home/pedro/Mips/datapath.sv Line: 9
    Warning (12110): Net "aluout[28]" is missing source, defaulting to GND File: /home/pedro/Mips/datapath.sv Line: 9
    Warning (12110): Net "aluout[27]" is missing source, defaulting to GND File: /home/pedro/Mips/datapath.sv Line: 9
    Warning (12110): Net "aluout[26]" is missing source, defaulting to GND File: /home/pedro/Mips/datapath.sv Line: 9
    Warning (12110): Net "aluout[25]" is missing source, defaulting to GND File: /home/pedro/Mips/datapath.sv Line: 9
    Warning (12110): Net "aluout[24]" is missing source, defaulting to GND File: /home/pedro/Mips/datapath.sv Line: 9
    Warning (12110): Net "aluout[23]" is missing source, defaulting to GND File: /home/pedro/Mips/datapath.sv Line: 9
    Warning (12110): Net "aluout[22]" is missing source, defaulting to GND File: /home/pedro/Mips/datapath.sv Line: 9
    Warning (12110): Net "aluout[21]" is missing source, defaulting to GND File: /home/pedro/Mips/datapath.sv Line: 9
    Warning (12110): Net "aluout[20]" is missing source, defaulting to GND File: /home/pedro/Mips/datapath.sv Line: 9
    Warning (12110): Net "aluout[19]" is missing source, defaulting to GND File: /home/pedro/Mips/datapath.sv Line: 9
    Warning (12110): Net "aluout[18]" is missing source, defaulting to GND File: /home/pedro/Mips/datapath.sv Line: 9
    Warning (12110): Net "aluout[17]" is missing source, defaulting to GND File: /home/pedro/Mips/datapath.sv Line: 9
    Warning (12110): Net "aluout[16]" is missing source, defaulting to GND File: /home/pedro/Mips/datapath.sv Line: 9
    Warning (12110): Net "aluout[15]" is missing source, defaulting to GND File: /home/pedro/Mips/datapath.sv Line: 9
    Warning (12110): Net "aluout[14]" is missing source, defaulting to GND File: /home/pedro/Mips/datapath.sv Line: 9
    Warning (12110): Net "aluout[13]" is missing source, defaulting to GND File: /home/pedro/Mips/datapath.sv Line: 9
    Warning (12110): Net "aluout[12]" is missing source, defaulting to GND File: /home/pedro/Mips/datapath.sv Line: 9
    Warning (12110): Net "aluout[11]" is missing source, defaulting to GND File: /home/pedro/Mips/datapath.sv Line: 9
    Warning (12110): Net "aluout[10]" is missing source, defaulting to GND File: /home/pedro/Mips/datapath.sv Line: 9
    Warning (12110): Net "aluout[9]" is missing source, defaulting to GND File: /home/pedro/Mips/datapath.sv Line: 9
    Warning (12110): Net "aluout[8]" is missing source, defaulting to GND File: /home/pedro/Mips/datapath.sv Line: 9
    Warning (12110): Net "aluout[7]" is missing source, defaulting to GND File: /home/pedro/Mips/datapath.sv Line: 9
    Warning (12110): Net "aluout[6]" is missing source, defaulting to GND File: /home/pedro/Mips/datapath.sv Line: 9
    Warning (12110): Net "aluout[5]" is missing source, defaulting to GND File: /home/pedro/Mips/datapath.sv Line: 9
    Warning (12110): Net "aluout[4]" is missing source, defaulting to GND File: /home/pedro/Mips/datapath.sv Line: 9
    Warning (12110): Net "aluout[3]" is missing source, defaulting to GND File: /home/pedro/Mips/datapath.sv Line: 9
    Warning (12110): Net "aluout[2]" is missing source, defaulting to GND File: /home/pedro/Mips/datapath.sv Line: 9
    Warning (12110): Net "aluout[1]" is missing source, defaulting to GND File: /home/pedro/Mips/datapath.sv Line: 9
Warning (12011): Net is missing source, defaulting to GND
    Warning (12110): Net "aluout[31]" is missing source, defaulting to GND File: /home/pedro/Mips/datapath.sv Line: 9
    Warning (12110): Net "aluout[30]" is missing source, defaulting to GND File: /home/pedro/Mips/datapath.sv Line: 9
    Warning (12110): Net "aluout[29]" is missing source, defaulting to GND File: /home/pedro/Mips/datapath.sv Line: 9
    Warning (12110): Net "aluout[28]" is missing source, defaulting to GND File: /home/pedro/Mips/datapath.sv Line: 9
    Warning (12110): Net "aluout[27]" is missing source, defaulting to GND File: /home/pedro/Mips/datapath.sv Line: 9
    Warning (12110): Net "aluout[26]" is missing source, defaulting to GND File: /home/pedro/Mips/datapath.sv Line: 9
    Warning (12110): Net "aluout[25]" is missing source, defaulting to GND File: /home/pedro/Mips/datapath.sv Line: 9
    Warning (12110): Net "aluout[24]" is missing source, defaulting to GND File: /home/pedro/Mips/datapath.sv Line: 9
    Warning (12110): Net "aluout[23]" is missing source, defaulting to GND File: /home/pedro/Mips/datapath.sv Line: 9
    Warning (12110): Net "aluout[22]" is missing source, defaulting to GND File: /home/pedro/Mips/datapath.sv Line: 9
    Warning (12110): Net "aluout[21]" is missing source, defaulting to GND File: /home/pedro/Mips/datapath.sv Line: 9
    Warning (12110): Net "aluout[20]" is missing source, defaulting to GND File: /home/pedro/Mips/datapath.sv Line: 9
    Warning (12110): Net "aluout[19]" is missing source, defaulting to GND File: /home/pedro/Mips/datapath.sv Line: 9
    Warning (12110): Net "aluout[18]" is missing source, defaulting to GND File: /home/pedro/Mips/datapath.sv Line: 9
    Warning (12110): Net "aluout[17]" is missing source, defaulting to GND File: /home/pedro/Mips/datapath.sv Line: 9
    Warning (12110): Net "aluout[16]" is missing source, defaulting to GND File: /home/pedro/Mips/datapath.sv Line: 9
    Warning (12110): Net "aluout[15]" is missing source, defaulting to GND File: /home/pedro/Mips/datapath.sv Line: 9
    Warning (12110): Net "aluout[14]" is missing source, defaulting to GND File: /home/pedro/Mips/datapath.sv Line: 9
    Warning (12110): Net "aluout[13]" is missing source, defaulting to GND File: /home/pedro/Mips/datapath.sv Line: 9
    Warning (12110): Net "aluout[12]" is missing source, defaulting to GND File: /home/pedro/Mips/datapath.sv Line: 9
    Warning (12110): Net "aluout[11]" is missing source, defaulting to GND File: /home/pedro/Mips/datapath.sv Line: 9
    Warning (12110): Net "aluout[10]" is missing source, defaulting to GND File: /home/pedro/Mips/datapath.sv Line: 9
    Warning (12110): Net "aluout[9]" is missing source, defaulting to GND File: /home/pedro/Mips/datapath.sv Line: 9
    Warning (12110): Net "aluout[8]" is missing source, defaulting to GND File: /home/pedro/Mips/datapath.sv Line: 9
    Warning (12110): Net "aluout[7]" is missing source, defaulting to GND File: /home/pedro/Mips/datapath.sv Line: 9
    Warning (12110): Net "aluout[6]" is missing source, defaulting to GND File: /home/pedro/Mips/datapath.sv Line: 9
    Warning (12110): Net "aluout[5]" is missing source, defaulting to GND File: /home/pedro/Mips/datapath.sv Line: 9
    Warning (12110): Net "aluout[4]" is missing source, defaulting to GND File: /home/pedro/Mips/datapath.sv Line: 9
    Warning (12110): Net "aluout[3]" is missing source, defaulting to GND File: /home/pedro/Mips/datapath.sv Line: 9
    Warning (12110): Net "aluout[2]" is missing source, defaulting to GND File: /home/pedro/Mips/datapath.sv Line: 9
    Warning (12110): Net "aluout[1]" is missing source, defaulting to GND File: /home/pedro/Mips/datapath.sv Line: 9
Warning (12011): Net is missing source, defaulting to GND
    Warning (12110): Net "aluout[31]" is missing source, defaulting to GND File: /home/pedro/Mips/datapath.sv Line: 9
    Warning (12110): Net "aluout[30]" is missing source, defaulting to GND File: /home/pedro/Mips/datapath.sv Line: 9
    Warning (12110): Net "aluout[29]" is missing source, defaulting to GND File: /home/pedro/Mips/datapath.sv Line: 9
    Warning (12110): Net "aluout[28]" is missing source, defaulting to GND File: /home/pedro/Mips/datapath.sv Line: 9
    Warning (12110): Net "aluout[27]" is missing source, defaulting to GND File: /home/pedro/Mips/datapath.sv Line: 9
    Warning (12110): Net "aluout[26]" is missing source, defaulting to GND File: /home/pedro/Mips/datapath.sv Line: 9
    Warning (12110): Net "aluout[25]" is missing source, defaulting to GND File: /home/pedro/Mips/datapath.sv Line: 9
    Warning (12110): Net "aluout[24]" is missing source, defaulting to GND File: /home/pedro/Mips/datapath.sv Line: 9
    Warning (12110): Net "aluout[23]" is missing source, defaulting to GND File: /home/pedro/Mips/datapath.sv Line: 9
    Warning (12110): Net "aluout[22]" is missing source, defaulting to GND File: /home/pedro/Mips/datapath.sv Line: 9
    Warning (12110): Net "aluout[21]" is missing source, defaulting to GND File: /home/pedro/Mips/datapath.sv Line: 9
    Warning (12110): Net "aluout[20]" is missing source, defaulting to GND File: /home/pedro/Mips/datapath.sv Line: 9
    Warning (12110): Net "aluout[19]" is missing source, defaulting to GND File: /home/pedro/Mips/datapath.sv Line: 9
    Warning (12110): Net "aluout[18]" is missing source, defaulting to GND File: /home/pedro/Mips/datapath.sv Line: 9
    Warning (12110): Net "aluout[17]" is missing source, defaulting to GND File: /home/pedro/Mips/datapath.sv Line: 9
    Warning (12110): Net "aluout[16]" is missing source, defaulting to GND File: /home/pedro/Mips/datapath.sv Line: 9
    Warning (12110): Net "aluout[15]" is missing source, defaulting to GND File: /home/pedro/Mips/datapath.sv Line: 9
    Warning (12110): Net "aluout[14]" is missing source, defaulting to GND File: /home/pedro/Mips/datapath.sv Line: 9
    Warning (12110): Net "aluout[13]" is missing source, defaulting to GND File: /home/pedro/Mips/datapath.sv Line: 9
    Warning (12110): Net "aluout[12]" is missing source, defaulting to GND File: /home/pedro/Mips/datapath.sv Line: 9
    Warning (12110): Net "aluout[11]" is missing source, defaulting to GND File: /home/pedro/Mips/datapath.sv Line: 9
    Warning (12110): Net "aluout[10]" is missing source, defaulting to GND File: /home/pedro/Mips/datapath.sv Line: 9
    Warning (12110): Net "aluout[9]" is missing source, defaulting to GND File: /home/pedro/Mips/datapath.sv Line: 9
    Warning (12110): Net "aluout[8]" is missing source, defaulting to GND File: /home/pedro/Mips/datapath.sv Line: 9
    Warning (12110): Net "aluout[7]" is missing source, defaulting to GND File: /home/pedro/Mips/datapath.sv Line: 9
    Warning (12110): Net "aluout[6]" is missing source, defaulting to GND File: /home/pedro/Mips/datapath.sv Line: 9
    Warning (12110): Net "aluout[5]" is missing source, defaulting to GND File: /home/pedro/Mips/datapath.sv Line: 9
    Warning (12110): Net "aluout[4]" is missing source, defaulting to GND File: /home/pedro/Mips/datapath.sv Line: 9
    Warning (12110): Net "aluout[3]" is missing source, defaulting to GND File: /home/pedro/Mips/datapath.sv Line: 9
    Warning (12110): Net "aluout[2]" is missing source, defaulting to GND File: /home/pedro/Mips/datapath.sv Line: 9
    Warning (12110): Net "aluout[1]" is missing source, defaulting to GND File: /home/pedro/Mips/datapath.sv Line: 9
Warning (12011): Net is missing source, defaulting to GND
    Warning (12110): Net "aluout[31]" is missing source, defaulting to GND File: /home/pedro/Mips/datapath.sv Line: 9
    Warning (12110): Net "aluout[30]" is missing source, defaulting to GND File: /home/pedro/Mips/datapath.sv Line: 9
    Warning (12110): Net "aluout[29]" is missing source, defaulting to GND File: /home/pedro/Mips/datapath.sv Line: 9
    Warning (12110): Net "aluout[28]" is missing source, defaulting to GND File: /home/pedro/Mips/datapath.sv Line: 9
    Warning (12110): Net "aluout[27]" is missing source, defaulting to GND File: /home/pedro/Mips/datapath.sv Line: 9
    Warning (12110): Net "aluout[26]" is missing source, defaulting to GND File: /home/pedro/Mips/datapath.sv Line: 9
    Warning (12110): Net "aluout[25]" is missing source, defaulting to GND File: /home/pedro/Mips/datapath.sv Line: 9
    Warning (12110): Net "aluout[24]" is missing source, defaulting to GND File: /home/pedro/Mips/datapath.sv Line: 9
    Warning (12110): Net "aluout[23]" is missing source, defaulting to GND File: /home/pedro/Mips/datapath.sv Line: 9
    Warning (12110): Net "aluout[22]" is missing source, defaulting to GND File: /home/pedro/Mips/datapath.sv Line: 9
    Warning (12110): Net "aluout[21]" is missing source, defaulting to GND File: /home/pedro/Mips/datapath.sv Line: 9
    Warning (12110): Net "aluout[20]" is missing source, defaulting to GND File: /home/pedro/Mips/datapath.sv Line: 9
    Warning (12110): Net "aluout[19]" is missing source, defaulting to GND File: /home/pedro/Mips/datapath.sv Line: 9
    Warning (12110): Net "aluout[18]" is missing source, defaulting to GND File: /home/pedro/Mips/datapath.sv Line: 9
    Warning (12110): Net "aluout[17]" is missing source, defaulting to GND File: /home/pedro/Mips/datapath.sv Line: 9
    Warning (12110): Net "aluout[16]" is missing source, defaulting to GND File: /home/pedro/Mips/datapath.sv Line: 9
    Warning (12110): Net "aluout[15]" is missing source, defaulting to GND File: /home/pedro/Mips/datapath.sv Line: 9
    Warning (12110): Net "aluout[14]" is missing source, defaulting to GND File: /home/pedro/Mips/datapath.sv Line: 9
    Warning (12110): Net "aluout[13]" is missing source, defaulting to GND File: /home/pedro/Mips/datapath.sv Line: 9
    Warning (12110): Net "aluout[12]" is missing source, defaulting to GND File: /home/pedro/Mips/datapath.sv Line: 9
    Warning (12110): Net "aluout[11]" is missing source, defaulting to GND File: /home/pedro/Mips/datapath.sv Line: 9
    Warning (12110): Net "aluout[10]" is missing source, defaulting to GND File: /home/pedro/Mips/datapath.sv Line: 9
    Warning (12110): Net "aluout[9]" is missing source, defaulting to GND File: /home/pedro/Mips/datapath.sv Line: 9
    Warning (12110): Net "aluout[8]" is missing source, defaulting to GND File: /home/pedro/Mips/datapath.sv Line: 9
    Warning (12110): Net "aluout[7]" is missing source, defaulting to GND File: /home/pedro/Mips/datapath.sv Line: 9
    Warning (12110): Net "aluout[6]" is missing source, defaulting to GND File: /home/pedro/Mips/datapath.sv Line: 9
    Warning (12110): Net "aluout[5]" is missing source, defaulting to GND File: /home/pedro/Mips/datapath.sv Line: 9
    Warning (12110): Net "aluout[4]" is missing source, defaulting to GND File: /home/pedro/Mips/datapath.sv Line: 9
    Warning (12110): Net "aluout[3]" is missing source, defaulting to GND File: /home/pedro/Mips/datapath.sv Line: 9
    Warning (12110): Net "aluout[2]" is missing source, defaulting to GND File: /home/pedro/Mips/datapath.sv Line: 9
    Warning (12110): Net "aluout[1]" is missing source, defaulting to GND File: /home/pedro/Mips/datapath.sv Line: 9
Warning (12011): Net is missing source, defaulting to GND
    Warning (12110): Net "aluout[31]" is missing source, defaulting to GND File: /home/pedro/Mips/datapath.sv Line: 9
    Warning (12110): Net "aluout[30]" is missing source, defaulting to GND File: /home/pedro/Mips/datapath.sv Line: 9
    Warning (12110): Net "aluout[29]" is missing source, defaulting to GND File: /home/pedro/Mips/datapath.sv Line: 9
    Warning (12110): Net "aluout[28]" is missing source, defaulting to GND File: /home/pedro/Mips/datapath.sv Line: 9
    Warning (12110): Net "aluout[27]" is missing source, defaulting to GND File: /home/pedro/Mips/datapath.sv Line: 9
    Warning (12110): Net "aluout[26]" is missing source, defaulting to GND File: /home/pedro/Mips/datapath.sv Line: 9
    Warning (12110): Net "aluout[25]" is missing source, defaulting to GND File: /home/pedro/Mips/datapath.sv Line: 9
    Warning (12110): Net "aluout[24]" is missing source, defaulting to GND File: /home/pedro/Mips/datapath.sv Line: 9
    Warning (12110): Net "aluout[23]" is missing source, defaulting to GND File: /home/pedro/Mips/datapath.sv Line: 9
    Warning (12110): Net "aluout[22]" is missing source, defaulting to GND File: /home/pedro/Mips/datapath.sv Line: 9
    Warning (12110): Net "aluout[21]" is missing source, defaulting to GND File: /home/pedro/Mips/datapath.sv Line: 9
    Warning (12110): Net "aluout[20]" is missing source, defaulting to GND File: /home/pedro/Mips/datapath.sv Line: 9
    Warning (12110): Net "aluout[19]" is missing source, defaulting to GND File: /home/pedro/Mips/datapath.sv Line: 9
    Warning (12110): Net "aluout[18]" is missing source, defaulting to GND File: /home/pedro/Mips/datapath.sv Line: 9
    Warning (12110): Net "aluout[17]" is missing source, defaulting to GND File: /home/pedro/Mips/datapath.sv Line: 9
    Warning (12110): Net "aluout[16]" is missing source, defaulting to GND File: /home/pedro/Mips/datapath.sv Line: 9
    Warning (12110): Net "aluout[15]" is missing source, defaulting to GND File: /home/pedro/Mips/datapath.sv Line: 9
    Warning (12110): Net "aluout[14]" is missing source, defaulting to GND File: /home/pedro/Mips/datapath.sv Line: 9
    Warning (12110): Net "aluout[13]" is missing source, defaulting to GND File: /home/pedro/Mips/datapath.sv Line: 9
    Warning (12110): Net "aluout[12]" is missing source, defaulting to GND File: /home/pedro/Mips/datapath.sv Line: 9
    Warning (12110): Net "aluout[11]" is missing source, defaulting to GND File: /home/pedro/Mips/datapath.sv Line: 9
    Warning (12110): Net "aluout[10]" is missing source, defaulting to GND File: /home/pedro/Mips/datapath.sv Line: 9
    Warning (12110): Net "aluout[9]" is missing source, defaulting to GND File: /home/pedro/Mips/datapath.sv Line: 9
    Warning (12110): Net "aluout[8]" is missing source, defaulting to GND File: /home/pedro/Mips/datapath.sv Line: 9
    Warning (12110): Net "aluout[7]" is missing source, defaulting to GND File: /home/pedro/Mips/datapath.sv Line: 9
    Warning (12110): Net "aluout[6]" is missing source, defaulting to GND File: /home/pedro/Mips/datapath.sv Line: 9
    Warning (12110): Net "aluout[5]" is missing source, defaulting to GND File: /home/pedro/Mips/datapath.sv Line: 9
    Warning (12110): Net "aluout[4]" is missing source, defaulting to GND File: /home/pedro/Mips/datapath.sv Line: 9
    Warning (12110): Net "aluout[3]" is missing source, defaulting to GND File: /home/pedro/Mips/datapath.sv Line: 9
    Warning (12110): Net "aluout[2]" is missing source, defaulting to GND File: /home/pedro/Mips/datapath.sv Line: 9
    Warning (12110): Net "aluout[1]" is missing source, defaulting to GND File: /home/pedro/Mips/datapath.sv Line: 9
Info (276014): Found 1 instances of uninferred RAM logic
    Info (276007): RAM logic "regfile:rf|rf" is uninferred due to asynchronous read logic File: /home/pedro/Mips/regfile.sv Line: 7
Warning (12241): 1 hierarchies have connectivity warnings - see the Connectivity Checks report folder
Warning (13012): Latch alu:alu|y[1] has unsafe behavior File: /home/pedro/Mips/alu.sv Line: 11
    Warning (13013): Ports D and ENA on the latch are fed by the same signal alucontrol[0] File: /home/pedro/Mips/datapath.sv Line: 5
Warning (13012): Latch alu:alu|y[0] has unsafe behavior File: /home/pedro/Mips/alu.sv Line: 11
    Warning (13013): Ports D and ENA on the latch are fed by the same signal alucontrol[0] File: /home/pedro/Mips/datapath.sv Line: 5
Warning (13012): Latch alu:alu|y[2] has unsafe behavior File: /home/pedro/Mips/alu.sv Line: 11
    Warning (13013): Ports D and ENA on the latch are fed by the same signal alucontrol[0] File: /home/pedro/Mips/datapath.sv Line: 5
Warning (13012): Latch alu:alu|y[3] has unsafe behavior File: /home/pedro/Mips/alu.sv Line: 11
    Warning (13013): Ports D and ENA on the latch are fed by the same signal alucontrol[0] File: /home/pedro/Mips/datapath.sv Line: 5
Warning (13012): Latch alu:alu|y[4] has unsafe behavior File: /home/pedro/Mips/alu.sv Line: 11
    Warning (13013): Ports D and ENA on the latch are fed by the same signal alucontrol[0] File: /home/pedro/Mips/datapath.sv Line: 5
Warning (13012): Latch alu:alu|y[5] has unsafe behavior File: /home/pedro/Mips/alu.sv Line: 11
    Warning (13013): Ports D and ENA on the latch are fed by the same signal alucontrol[0] File: /home/pedro/Mips/datapath.sv Line: 5
Warning (13012): Latch alu:alu|y[6] has unsafe behavior File: /home/pedro/Mips/alu.sv Line: 11
    Warning (13013): Ports D and ENA on the latch are fed by the same signal alucontrol[0] File: /home/pedro/Mips/datapath.sv Line: 5
Warning (13012): Latch alu:alu|y[7] has unsafe behavior File: /home/pedro/Mips/alu.sv Line: 11
    Warning (13013): Ports D and ENA on the latch are fed by the same signal alucontrol[0] File: /home/pedro/Mips/datapath.sv Line: 5
Warning (13012): Latch alu:alu|y[8] has unsafe behavior File: /home/pedro/Mips/alu.sv Line: 11
    Warning (13013): Ports D and ENA on the latch are fed by the same signal alucontrol[0] File: /home/pedro/Mips/datapath.sv Line: 5
Warning (13012): Latch alu:alu|y[9] has unsafe behavior File: /home/pedro/Mips/alu.sv Line: 11
    Warning (13013): Ports D and ENA on the latch are fed by the same signal alucontrol[0] File: /home/pedro/Mips/datapath.sv Line: 5
Warning (13012): Latch alu:alu|y[10] has unsafe behavior File: /home/pedro/Mips/alu.sv Line: 11
    Warning (13013): Ports D and ENA on the latch are fed by the same signal alucontrol[0] File: /home/pedro/Mips/datapath.sv Line: 5
Warning (13012): Latch alu:alu|y[11] has unsafe behavior File: /home/pedro/Mips/alu.sv Line: 11
    Warning (13013): Ports D and ENA on the latch are fed by the same signal alucontrol[0] File: /home/pedro/Mips/datapath.sv Line: 5
Warning (13012): Latch alu:alu|y[12] has unsafe behavior File: /home/pedro/Mips/alu.sv Line: 11
    Warning (13013): Ports D and ENA on the latch are fed by the same signal alucontrol[0] File: /home/pedro/Mips/datapath.sv Line: 5
Warning (13012): Latch alu:alu|y[13] has unsafe behavior File: /home/pedro/Mips/alu.sv Line: 11
    Warning (13013): Ports D and ENA on the latch are fed by the same signal alucontrol[0] File: /home/pedro/Mips/datapath.sv Line: 5
Warning (13012): Latch alu:alu|y[14] has unsafe behavior File: /home/pedro/Mips/alu.sv Line: 11
    Warning (13013): Ports D and ENA on the latch are fed by the same signal alucontrol[0] File: /home/pedro/Mips/datapath.sv Line: 5
Warning (13012): Latch alu:alu|y[15] has unsafe behavior File: /home/pedro/Mips/alu.sv Line: 11
    Warning (13013): Ports D and ENA on the latch are fed by the same signal alucontrol[0] File: /home/pedro/Mips/datapath.sv Line: 5
Warning (13012): Latch alu:alu|y[16] has unsafe behavior File: /home/pedro/Mips/alu.sv Line: 11
    Warning (13013): Ports D and ENA on the latch are fed by the same signal alucontrol[0] File: /home/pedro/Mips/datapath.sv Line: 5
Warning (13012): Latch alu:alu|y[17] has unsafe behavior File: /home/pedro/Mips/alu.sv Line: 11
    Warning (13013): Ports D and ENA on the latch are fed by the same signal alucontrol[0] File: /home/pedro/Mips/datapath.sv Line: 5
Warning (13012): Latch alu:alu|y[18] has unsafe behavior File: /home/pedro/Mips/alu.sv Line: 11
    Warning (13013): Ports D and ENA on the latch are fed by the same signal alucontrol[0] File: /home/pedro/Mips/datapath.sv Line: 5
Warning (13012): Latch alu:alu|y[19] has unsafe behavior File: /home/pedro/Mips/alu.sv Line: 11
    Warning (13013): Ports D and ENA on the latch are fed by the same signal alucontrol[0] File: /home/pedro/Mips/datapath.sv Line: 5
Warning (13012): Latch alu:alu|y[20] has unsafe behavior File: /home/pedro/Mips/alu.sv Line: 11
    Warning (13013): Ports D and ENA on the latch are fed by the same signal alucontrol[0] File: /home/pedro/Mips/datapath.sv Line: 5
Warning (13012): Latch alu:alu|y[21] has unsafe behavior File: /home/pedro/Mips/alu.sv Line: 11
    Warning (13013): Ports D and ENA on the latch are fed by the same signal alucontrol[0] File: /home/pedro/Mips/datapath.sv Line: 5
Warning (13012): Latch alu:alu|y[22] has unsafe behavior File: /home/pedro/Mips/alu.sv Line: 11
    Warning (13013): Ports D and ENA on the latch are fed by the same signal alucontrol[0] File: /home/pedro/Mips/datapath.sv Line: 5
Warning (13012): Latch alu:alu|y[23] has unsafe behavior File: /home/pedro/Mips/alu.sv Line: 11
    Warning (13013): Ports D and ENA on the latch are fed by the same signal alucontrol[0] File: /home/pedro/Mips/datapath.sv Line: 5
Warning (13012): Latch alu:alu|y[24] has unsafe behavior File: /home/pedro/Mips/alu.sv Line: 11
    Warning (13013): Ports D and ENA on the latch are fed by the same signal alucontrol[0] File: /home/pedro/Mips/datapath.sv Line: 5
Warning (13012): Latch alu:alu|y[25] has unsafe behavior File: /home/pedro/Mips/alu.sv Line: 11
    Warning (13013): Ports D and ENA on the latch are fed by the same signal alucontrol[0] File: /home/pedro/Mips/datapath.sv Line: 5
Warning (13012): Latch alu:alu|y[26] has unsafe behavior File: /home/pedro/Mips/alu.sv Line: 11
    Warning (13013): Ports D and ENA on the latch are fed by the same signal alucontrol[0] File: /home/pedro/Mips/datapath.sv Line: 5
Warning (13012): Latch alu:alu|y[27] has unsafe behavior File: /home/pedro/Mips/alu.sv Line: 11
    Warning (13013): Ports D and ENA on the latch are fed by the same signal alucontrol[0] File: /home/pedro/Mips/datapath.sv Line: 5
Warning (13012): Latch alu:alu|y[28] has unsafe behavior File: /home/pedro/Mips/alu.sv Line: 11
    Warning (13013): Ports D and ENA on the latch are fed by the same signal alucontrol[0] File: /home/pedro/Mips/datapath.sv Line: 5
Warning (13012): Latch alu:alu|y[29] has unsafe behavior File: /home/pedro/Mips/alu.sv Line: 11
    Warning (13013): Ports D and ENA on the latch are fed by the same signal alucontrol[0] File: /home/pedro/Mips/datapath.sv Line: 5
Warning (13012): Latch alu:alu|y[30] has unsafe behavior File: /home/pedro/Mips/alu.sv Line: 11
    Warning (13013): Ports D and ENA on the latch are fed by the same signal alucontrol[0] File: /home/pedro/Mips/datapath.sv Line: 5
Warning (13012): Latch alu:alu|y[31] has unsafe behavior File: /home/pedro/Mips/alu.sv Line: 11
    Warning (13013): Ports D and ENA on the latch are fed by the same signal alucontrol[0] File: /home/pedro/Mips/datapath.sv Line: 5
Warning (13024): Output pins are stuck at VCC or GND
    Warning (13410): Pin "pc[0]" is stuck at GND File: /home/pedro/Mips/datapath.sv Line: 7
    Warning (13410): Pin "pc[1]" is stuck at GND File: /home/pedro/Mips/datapath.sv Line: 7
    Warning (13410): Pin "aluout[1]" is stuck at GND File: /home/pedro/Mips/datapath.sv Line: 9
    Warning (13410): Pin "aluout[2]" is stuck at GND File: /home/pedro/Mips/datapath.sv Line: 9
    Warning (13410): Pin "aluout[3]" is stuck at GND File: /home/pedro/Mips/datapath.sv Line: 9
    Warning (13410): Pin "aluout[4]" is stuck at GND File: /home/pedro/Mips/datapath.sv Line: 9
    Warning (13410): Pin "aluout[5]" is stuck at GND File: /home/pedro/Mips/datapath.sv Line: 9
    Warning (13410): Pin "aluout[6]" is stuck at GND File: /home/pedro/Mips/datapath.sv Line: 9
    Warning (13410): Pin "aluout[7]" is stuck at GND File: /home/pedro/Mips/datapath.sv Line: 9
    Warning (13410): Pin "aluout[8]" is stuck at GND File: /home/pedro/Mips/datapath.sv Line: 9
    Warning (13410): Pin "aluout[9]" is stuck at GND File: /home/pedro/Mips/datapath.sv Line: 9
    Warning (13410): Pin "aluout[10]" is stuck at GND File: /home/pedro/Mips/datapath.sv Line: 9
    Warning (13410): Pin "aluout[11]" is stuck at GND File: /home/pedro/Mips/datapath.sv Line: 9
    Warning (13410): Pin "aluout[12]" is stuck at GND File: /home/pedro/Mips/datapath.sv Line: 9
    Warning (13410): Pin "aluout[13]" is stuck at GND File: /home/pedro/Mips/datapath.sv Line: 9
    Warning (13410): Pin "aluout[14]" is stuck at GND File: /home/pedro/Mips/datapath.sv Line: 9
    Warning (13410): Pin "aluout[15]" is stuck at GND File: /home/pedro/Mips/datapath.sv Line: 9
    Warning (13410): Pin "aluout[16]" is stuck at GND File: /home/pedro/Mips/datapath.sv Line: 9
    Warning (13410): Pin "aluout[17]" is stuck at GND File: /home/pedro/Mips/datapath.sv Line: 9
    Warning (13410): Pin "aluout[18]" is stuck at GND File: /home/pedro/Mips/datapath.sv Line: 9
    Warning (13410): Pin "aluout[19]" is stuck at GND File: /home/pedro/Mips/datapath.sv Line: 9
    Warning (13410): Pin "aluout[20]" is stuck at GND File: /home/pedro/Mips/datapath.sv Line: 9
    Warning (13410): Pin "aluout[21]" is stuck at GND File: /home/pedro/Mips/datapath.sv Line: 9
    Warning (13410): Pin "aluout[22]" is stuck at GND File: /home/pedro/Mips/datapath.sv Line: 9
    Warning (13410): Pin "aluout[23]" is stuck at GND File: /home/pedro/Mips/datapath.sv Line: 9
    Warning (13410): Pin "aluout[24]" is stuck at GND File: /home/pedro/Mips/datapath.sv Line: 9
    Warning (13410): Pin "aluout[25]" is stuck at GND File: /home/pedro/Mips/datapath.sv Line: 9
    Warning (13410): Pin "aluout[26]" is stuck at GND File: /home/pedro/Mips/datapath.sv Line: 9
    Warning (13410): Pin "aluout[27]" is stuck at GND File: /home/pedro/Mips/datapath.sv Line: 9
    Warning (13410): Pin "aluout[28]" is stuck at GND File: /home/pedro/Mips/datapath.sv Line: 9
    Warning (13410): Pin "aluout[29]" is stuck at GND File: /home/pedro/Mips/datapath.sv Line: 9
    Warning (13410): Pin "aluout[30]" is stuck at GND File: /home/pedro/Mips/datapath.sv Line: 9
    Warning (13410): Pin "aluout[31]" is stuck at GND File: /home/pedro/Mips/datapath.sv Line: 9
Info (286030): Timing-Driven Synthesis is running
Info (16010): Generating hard_block partition "hard_block:auto_generated_inst"
    Info (16011): Adding 0 node(s), including 0 DDIO, 0 PLL, 0 transceiver and 0 LCELL
Warning (21074): Design contains 7 input pin(s) that do not drive logic
    Warning (15610): No output dependent on input pin "zero" File: /home/pedro/Mips/datapath.sv Line: 6
    Warning (15610): No output dependent on input pin "instr[26]" File: /home/pedro/Mips/datapath.sv Line: 8
    Warning (15610): No output dependent on input pin "instr[27]" File: /home/pedro/Mips/datapath.sv Line: 8
    Warning (15610): No output dependent on input pin "instr[28]" File: /home/pedro/Mips/datapath.sv Line: 8
    Warning (15610): No output dependent on input pin "instr[29]" File: /home/pedro/Mips/datapath.sv Line: 8
    Warning (15610): No output dependent on input pin "instr[30]" File: /home/pedro/Mips/datapath.sv Line: 8
    Warning (15610): No output dependent on input pin "instr[31]" File: /home/pedro/Mips/datapath.sv Line: 8
Info (21057): Implemented 2132 device resources after synthesis - the final resource count might be different
    Info (21058): Implemented 76 input pins
    Info (21059): Implemented 96 output pins
    Info (21061): Implemented 1960 logic cells
Info: Quartus Prime Analysis & Synthesis was successful. 0 errors, 398 warnings
    Info: Peak virtual memory: 1297 megabytes
    Info: Processing ended: Thu Nov 24 16:46:48 2016
    Info: Elapsed time: 00:00:17
    Info: Total CPU time (on all processors): 00:00:40


